2021-03-30T15:47:17+00:00 CRITICAL Uncaught Error: Call to a member function have_posts() on null in C:\xamp1\htdocs\project1\wp-content\themes\info-theme\archive-experience.php:11
Stack trace:
#0 C:\xamp1\htdocs\project1\wp-includes\template-loader.php(106): include()
#1 C:\xamp1\htdocs\project1\wp-blog-header.php(19): require_once('C:\\xamp1\\htdocs...')
#2 C:\xamp1\htdocs\project1\index.php(17): require('C:\\xamp1\\htdocs...')
#3 {main}
  thrown in C:\xamp1\htdocs\project1\wp-content\themes\info-theme\archive-experience.php on line 11

2021-03-30T15:56:06+00:00 CRITICAL Uncaught Error: Call to undefined function get_option_year() in C:\xamp1\htdocs\project1\wp-content\themes\info-theme\template-parts\content-page-experience.php:21
Stack trace:
#0 C:\xamp1\htdocs\project1\wp-includes\template.php(732): require()
#1 C:\xamp1\htdocs\project1\wp-includes\template.php(676): load_template('C:\\xamp1\\htdocs...', false, Array)
#2 C:\xamp1\htdocs\project1\wp-includes\general-template.php(204): locate_template(Array, true, false, Array)
#3 C:\xamp1\htdocs\project1\wp-content\themes\info-theme\archive-experience.php(12): get_template_part('template-parts/...', '')
#4 C:\xamp1\htdocs\project1\wp-includes\template-loader.php(106): include('C:\\xamp1\\htdocs...')
#5 C:\xamp1\htdocs\project1\wp-blog-header.php(19): require_once('C:\\xamp1\\htdocs...')
#6 C:\xamp1\htdocs\project1\index.php(17): require('C:\\xamp1\\htdocs...')
#7 {main}
  thrown in C:\xamp1\htdocs\project1\wp-content\themes\info-theme\template-parts\content-page-experience.php on line 21

2021-03-30T16:19:08+00:00 CRITICAL Uncaught Error: Call to undefined function post_meta() in C:\xamp1\htdocs\project1\wp-content\themes\info-theme\template-parts\content-page-experience.php:14
Stack trace:
#0 C:\xamp1\htdocs\project1\wp-includes\template.php(732): require()
#1 C:\xamp1\htdocs\project1\wp-includes\template.php(676): load_template('C:\\xamp1\\htdocs...', false, Array)
#2 C:\xamp1\htdocs\project1\wp-includes\general-template.php(204): locate_template(Array, true, false, Array)
#3 C:\xamp1\htdocs\project1\wp-content\themes\info-theme\archive-experience.php(12): get_template_part('template-parts/...', '')
#4 C:\xamp1\htdocs\project1\wp-includes\template-loader.php(106): include('C:\\xamp1\\htdocs...')
#5 C:\xamp1\htdocs\project1\wp-blog-header.php(19): require_once('C:\\xamp1\\htdocs...')
#6 C:\xamp1\htdocs\project1\index.php(17): require('C:\\xamp1\\htdocs...')
#7 {main}
  thrown in C:\xamp1\htdocs\project1\wp-content\themes\info-theme\template-parts\content-page-experience.php on line 14

2021-03-30T16:19:25+00:00 CRITICAL Uncaught ArgumentCountError: Too few arguments to function get_post_meta(), 0 passed in C:\xamp1\htdocs\project1\wp-content\themes\info-theme\template-parts\content-page-experience.php on line 14 and at least 1 expected in C:\xamp1\htdocs\project1\wp-includes\post.php:2225
Stack trace:
#0 C:\xamp1\htdocs\project1\wp-content\themes\info-theme\template-parts\content-page-experience.php(14): get_post_meta()
#1 C:\xamp1\htdocs\project1\wp-includes\template.php(732): require('C:\\xamp1\\htdocs...')
#2 C:\xamp1\htdocs\project1\wp-includes\template.php(676): load_template('C:\\xamp1\\htdocs...', false, Array)
#3 C:\xamp1\htdocs\project1\wp-includes\general-template.php(204): locate_template(Array, true, false, Array)
#4 C:\xamp1\htdocs\project1\wp-content\themes\info-theme\archive-experience.php(12): get_template_part('template-parts/...', '')
#5 C:\xamp1\htdocs\project1\wp-includes\template-loader.php(106): include('C:\\xamp1\\htdocs...')
#6 C:\xamp1\htdocs\project1\wp-blog-header.php(19): require_once('C:\\xamp1\\ in C:\xamp1\htdocs\project1\wp-includes\post.php on line 2225

2021-03-30T18:08:08+00:00 CRITICAL Cannot redeclare info_experience() (previously declared in C:\xamp1\htdocs\project1\wp-content\themes\info-theme\inc\shortcodes.php:27) in C:\xamp1\htdocs\project1\wp-content\themes\info-theme\shortcodes.php on line 13

2021-03-30T18:08:09+00:00 CRITICAL Cannot redeclare info_experience() (previously declared in C:\xamp1\htdocs\project1\wp-content\themes\info-theme\inc\shortcodes.php:27) in C:\xamp1\htdocs\project1\wp-content\themes\info-theme\shortcodes.php on line 13

2021-03-30T18:40:15+00:00 CRITICAL require(): Failed opening required 'C:\xamp1\htdocs\project1/wp-content/themes/info-theme/shortcodes.php' (include_path='C:\xamp1\php\PEAR') in C:\xamp1\htdocs\project1\wp-content\themes\info-theme\functions.php on line 10

2021-03-30T18:40:21+00:00 CRITICAL require(): Failed opening required 'C:\xamp1\htdocs\project1/wp-content/themes/info-theme/shortcodes.php' (include_path='C:\xamp1\php\PEAR') in C:\xamp1\htdocs\project1\wp-content\themes\info-theme\functions.php on line 10

2021-03-30T18:41:35+00:00 CRITICAL require(): Failed opening required 'C:\xamp1\htdocs\project1/wp-content/themes/info-theme/shortcodes.php' (include_path='C:\xamp1\php\PEAR') in C:\xamp1\htdocs\project1\wp-content\themes\info-theme\functions.php on line 10

2021-03-30T18:41:35+00:00 CRITICAL require(): Failed opening required 'C:\xamp1\htdocs\project1/wp-content/themes/info-theme/shortcodes.php' (include_path='C:\xamp1\php\PEAR') in C:\xamp1\htdocs\project1\wp-content\themes\info-theme\functions.php on line 10

